# JRE version: OpenJDK Runtime Environment (11.0.8+10) (build 11.0.8+10-b944.6842174)
# Java VM: OpenJDK 64-Bit Server VM (11.0.8+10-b944.6842174, mixed mode, tiered, compressed oops, g1 gc, windows-amd64)
Heap:
 garbage-first heap   total 518144K, used 316093K [0x0000000080000000, 0x0000000100000000)
  region size 1024K, 2 young (2048K), 2 survivors (2048K)
 Metaspace       used 113068K, capacity 115893K, committed 116096K, reserved 1150976K
  class space    used 14221K, capacity 15203K, committed 15232K, reserved 1048576K
GC Heap History (20 events):
Event: 48.853 GC heap after
{Heap after GC invocations=59 (full 0):
 garbage-first heap   total 238592K, used 110913K [0x0000000080000000, 0x0000000100000000)
  region size 1024K, 10 young (10240K), 10 survivors (10240K)
 Metaspace       used 95783K, capacity 97758K, committed 97920K, reserved 1134592K
  class space    used 12085K, capacity 12818K, committed 12928K, reserved 1048576K
}
Event: 54.489 GC heap before
{Heap before GC invocations=60 (full 0):
 garbage-first heap   total 238592K, used 197953K [0x0000000080000000, 0x0000000100000000)
  region size 1024K, 90 young (92160K), 10 survivors (10240K)
 Metaspace       used 104605K, capacity 106937K, committed 107136K, reserved 1142784K
  class space    used 13098K, capacity 13933K, committed 13952K, reserved 1048576K
}
Event: 54.617 GC heap after
{Heap after GC invocations=61 (full 0):
 garbage-first heap   total 238592K, used 126105K [0x0000000080000000, 0x0000000100000000)
  region size 1024K, 11 young (11264K), 11 survivors (11264K)
 Metaspace       used 104605K, capacity 106937K, committed 107136K, reserved 1142784K
  class space    used 13098K, capacity 13933K, committed 13952K, reserved 1048576K
}
Event: 54.664 GC heap before
{Heap before GC invocations=61 (full 0):
 garbage-first heap   total 238592K, used 126105K [0x0000000080000000, 0x0000000100000000)
  region size 1024K, 12 young (12288K), 11 survivors (11264K)
 Metaspace       used 104795K, capacity 107161K, committed 107520K, reserved 1142784K
  class space    used 13122K, capacity 13965K, committed 14080K, reserved 1048576K
}
Event: 54.750 GC heap after
{Heap after GC invocations=62 (full 0):
 garbage-first heap   total 334848K, used 124536K [0x0000000080000000, 0x0000000100000000)
  region size 1024K, 2 young (2048K), 2 survivors (2048K)
 Metaspace       used 104795K, capacity 107161K, committed 107520K, reserved 1142784K
  class space    used 13122K, capacity 13965K, committed 14080K, reserved 1048576K
}
Event: 61.263 GC heap before
{Heap before GC invocations=62 (full 0):
 garbage-first heap   total 334848K, used 257656K [0x0000000080000000, 0x0000000100000000)
  region size 1024K, 131 young (134144K), 2 survivors (2048K)
 Metaspace       used 110061K, capacity 112458K, committed 112768K, reserved 1146880K
  class space    used 13784K, capacity 14635K, committed 14720K, reserved 1048576K
}
Event: 61.690 GC heap after
{Heap after GC invocations=63 (full 0):
 garbage-first heap   total 336896K, used 200939K [0x0000000080000000, 0x0000000100000000)
  region size 1024K, 17 young (17408K), 17 survivors (17408K)
 Metaspace       used 110061K, capacity 112458K, committed 112768K, reserved 1146880K
  class space    used 13784K, capacity 14635K, committed 14720K, reserved 1048576K
}
Event: 64.349 GC heap before
{Heap before GC invocations=63 (full 0):
 garbage-first heap   total 336896K, used 253163K [0x0000000080000000, 0x0000000100000000)
  region size 1024K, 68 young (69632K), 17 survivors (17408K)
 Metaspace       used 110719K, capacity 113175K, committed 113408K, reserved 1148928K
  class space    used 13878K, capacity 14765K, committed 14848K, reserved 1048576K
}
Event: 64.529 GC heap after
{Heap after GC invocations=64 (full 0):
 garbage-first heap   total 336896K, used 234496K [0x0000000080000000, 0x0000000100000000)
  region size 1024K, 9 young (9216K), 9 survivors (9216K)
 Metaspace       used 110719K, capacity 113175K, committed 113408K, reserved 1148928K
  class space    used 13878K, capacity 14765K, committed 14848K, reserved 1048576K
}
Event: 65.127 GC heap before
{Heap before GC invocations=64 (full 0):
 garbage-first heap   total 336896K, used 263168K [0x0000000080000000, 0x0000000100000000)
  region size 1024K, 37 young (37888K), 9 survivors (9216K)
 Metaspace       used 110750K, capacity 113240K, committed 113408K, reserved 1148928K
  class space    used 13878K, capacity 14765K, committed 14848K, reserved 1048576K
}
Event: 65.187 GC heap after
{Heap after GC invocations=65 (full 0):
 garbage-first heap   total 336896K, used 259072K [0x0000000080000000, 0x0000000100000000)
  region size 1024K, 5 young (5120K), 5 survivors (5120K)
 Metaspace       used 110750K, capacity 113240K, committed 113408K, reserved 1148928K
  class space    used 13878K, capacity 14765K, committed 14848K, reserved 1048576K
}
Event: 67.348 GC heap before
{Heap before GC invocations=65 (full 0):
 garbage-first heap   total 336896K, used 275456K [0x0000000080000000, 0x0000000100000000)
  region size 1024K, 21 young (21504K), 5 survivors (5120K)
 Metaspace       used 112989K, capacity 115764K, committed 115840K, reserved 1150976K
  class space    used 14221K, capacity 15203K, committed 15232K, reserved 1048576K
}
Event: 67.361 GC heap after
{Heap after GC invocations=66 (full 0):
 garbage-first heap   total 336896K, used 261882K [0x0000000080000000, 0x0000000100000000)
  region size 1024K, 2 young (2048K), 2 survivors (2048K)
 Metaspace       used 112989K, capacity 115764K, committed 115840K, reserved 1150976K
  class space    used 14221K, capacity 15203K, committed 15232K, reserved 1048576K
}
Event: 67.533 GC heap before
{Heap before GC invocations=66 (full 0):
 garbage-first heap   total 336896K, used 278266K [0x0000000080000000, 0x0000000100000000)
  region size 1024K, 18 young (18432K), 2 survivors (2048K)
 Metaspace       used 112993K, capacity 115828K, committed 116096K, reserved 1150976K
  class space    used 14221K, capacity 15203K, committed 15232K, reserved 1048576K
}
Event: 67.547 GC heap after
{Heap after GC invocations=67 (full 0):
 garbage-first heap   total 336896K, used 277504K [0x0000000080000000, 0x0000000100000000)
  region size 1024K, 3 young (3072K), 3 survivors (3072K)
 Metaspace       used 112993K, capacity 115828K, committed 116096K, reserved 1150976K
  class space    used 14221K, capacity 15203K, committed 15232K, reserved 1048576K
}
Event: 67.602 GC heap before
{Heap before GC invocations=67 (full 0):
 garbage-first heap   total 336896K, used 290816K [0x0000000080000000, 0x0000000100000000)
  region size 1024K, 16 young (16384K), 3 survivors (3072K)
 Metaspace       used 112993K, capacity 115828K, committed 116096K, reserved 1150976K
  class space    used 14221K, capacity 15203K, committed 15232K, reserved 1048576K
}
Event: 67.618 GC heap after
{Heap after GC invocations=68 (full 0):
 garbage-first heap   total 336896K, used 292163K [0x0000000080000000, 0x0000000100000000)
  region size 1024K, 2 young (2048K), 2 survivors (2048K)
 Metaspace       used 112993K, capacity 115828K, committed 116096K, reserved 1150976K
  class space    used 14221K, capacity 15203K, committed 15232K, reserved 1048576K
}
Event: 67.644 GC heap before
{Heap before GC invocations=68 (full 0):
 garbage-first heap   total 336896K, used 306499K [0x0000000080000000, 0x0000000100000000)
  region size 1024K, 16 young (16384K), 2 survivors (2048K)
 Metaspace       used 112993K, capacity 115828K, committed 116096K, reserved 1150976K
  class space    used 14221K, capacity 15203K, committed 15232K, reserved 1048576K
}
Event: 67.723 GC heap after
{Heap after GC invocations=69 (full 0):
 garbage-first heap   total 336896K, used 307880K [0x0000000080000000, 0x0000000100000000)
  region size 1024K, 2 young (2048K), 2 survivors (2048K)
 Metaspace       used 112993K, capacity 115828K, committed 116096K, reserved 1150976K
  class space    used 14221K, capacity 15203K, committed 15232K, reserved 1048576K
}
Event: 67.948 GC heap before
{Heap before GC invocations=69 (full 0):
 garbage-first heap   total 336896K, used 322216K [0x0000000080000000, 0x0000000100000000)
  region size 1024K, 16 young (16384K), 2 survivors (2048K)
 Metaspace       used 113068K, capacity 115893K, committed 116096K, reserved 1150976K
  class space    used 14221K, capacity 15203K, committed 15232K, reserved 1048576K
}

