# JRE version: OpenJDK Runtime Environment (11.0.8+10) (build 11.0.8+10-b944.6842174)
# Java VM: OpenJDK 64-Bit Server VM (11.0.8+10-b944.6842174, mixed mode, tiered, compressed oops, g1 gc, windows-amd64)
Heap:
 garbage-first heap   total 252928K, used 223342K [0x0000000080000000, 0x0000000100000000)
  region size 1024K, 6 young (6144K), 2 survivors (2048K)
 Metaspace       used 111631K, capacity 114188K, committed 114304K, reserved 1148928K
  class space    used 14060K, capacity 14971K, committed 14976K, reserved 1048576K
GC Heap History (20 events):
Event: 124.233 GC heap before
{Heap before GC invocations=61 (full 0):
 garbage-first heap   total 252928K, used 199291K [0x0000000080000000, 0x0000000100000000)
  region size 1024K, 111 young (113664K), 11 survivors (11264K)
 Metaspace       used 95687K, capacity 98099K, committed 98176K, reserved 1134592K
  class space    used 12264K, capacity 13134K, committed 13184K, reserved 1048576K
}
Event: 124.343 GC heap after
{Heap after GC invocations=62 (full 0):
 garbage-first heap   total 252928K, used 100624K [0x0000000080000000, 0x0000000100000000)
  region size 1024K, 13 young (13312K), 13 survivors (13312K)
 Metaspace       used 95687K, capacity 98099K, committed 98176K, reserved 1134592K
  class space    used 12264K, capacity 13134K, committed 13184K, reserved 1048576K
}
Event: 133.038 GC heap before
{Heap before GC invocations=62 (full 0):
 garbage-first heap   total 252928K, used 206096K [0x0000000080000000, 0x0000000100000000)
  region size 1024K, 111 young (113664K), 13 survivors (13312K)
 Metaspace       used 104347K, capacity 106872K, committed 107136K, reserved 1142784K
  class space    used 13227K, capacity 14114K, committed 14208K, reserved 1048576K
}
Event: 133.289 GC heap after
{Heap after GC invocations=63 (full 0):
 garbage-first heap   total 252928K, used 134057K [0x0000000080000000, 0x0000000100000000)
  region size 1024K, 14 young (14336K), 14 survivors (14336K)
 Metaspace       used 104347K, capacity 106872K, committed 107136K, reserved 1142784K
  class space    used 13227K, capacity 14114K, committed 14208K, reserved 1048576K
}
Event: 136.056 GC heap before
{Heap before GC invocations=63 (full 0):
 garbage-first heap   total 252928K, used 186281K [0x0000000080000000, 0x0000000100000000)
  region size 1024K, 67 young (68608K), 14 survivors (14336K)
 Metaspace       used 106929K, capacity 109449K, committed 109568K, reserved 1144832K
  class space    used 13599K, capacity 14481K, committed 14592K, reserved 1048576K
}
Event: 136.683 GC heap after
{Heap after GC invocations=64 (full 0):
 garbage-first heap   total 252928K, used 163657K [0x0000000080000000, 0x0000000100000000)
  region size 1024K, 10 young (10240K), 10 survivors (10240K)
 Metaspace       used 106929K, capacity 109449K, committed 109568K, reserved 1144832K
  class space    used 13599K, capacity 14481K, committed 14592K, reserved 1048576K
}
Event: 137.006 GC heap before
{Heap before GC invocations=64 (full 0):
 garbage-first heap   total 252928K, used 169801K [0x0000000080000000, 0x0000000100000000)
  region size 1024K, 15 young (15360K), 10 survivors (10240K)
 Metaspace       used 108459K, capacity 110929K, committed 111232K, reserved 1146880K
  class space    used 13732K, capacity 14612K, committed 14720K, reserved 1048576K
}
Event: 137.030 GC heap after
{Heap after GC invocations=65 (full 0):
 garbage-first heap   total 252928K, used 167423K [0x0000000080000000, 0x0000000100000000)
  region size 1024K, 2 young (2048K), 2 survivors (2048K)
 Metaspace       used 108459K, capacity 110929K, committed 111232K, reserved 1146880K
  class space    used 13732K, capacity 14612K, committed 14720K, reserved 1048576K
}
Event: 140.352 GC heap before
{Heap before GC invocations=66 (full 0):
 garbage-first heap   total 252928K, used 198143K [0x0000000080000000, 0x0000000100000000)
  region size 1024K, 32 young (32768K), 2 survivors (2048K)
 Metaspace       used 109791K, capacity 112281K, committed 112640K, reserved 1146880K
  class space    used 13838K, capacity 14740K, committed 14848K, reserved 1048576K
}
Event: 140.401 GC heap after
{Heap after GC invocations=67 (full 0):
 garbage-first heap   total 252928K, used 180576K [0x0000000080000000, 0x0000000100000000)
  region size 1024K, 4 young (4096K), 4 survivors (4096K)
 Metaspace       used 109791K, capacity 112281K, committed 112640K, reserved 1146880K
  class space    used 13838K, capacity 14740K, committed 14848K, reserved 1048576K
}
Event: 140.618 GC heap before
{Heap before GC invocations=67 (full 0):
 garbage-first heap   total 252928K, used 187744K [0x0000000080000000, 0x0000000100000000)
  region size 1024K, 12 young (12288K), 4 survivors (4096K)
 Metaspace       used 109791K, capacity 112281K, committed 112640K, reserved 1146880K
  class space    used 13838K, capacity 14740K, committed 14848K, reserved 1048576K
}
Event: 140.648 GC heap after
{Heap after GC invocations=68 (full 0):
 garbage-first heap   total 252928K, used 188186K [0x0000000080000000, 0x0000000100000000)
  region size 1024K, 2 young (2048K), 2 survivors (2048K)
 Metaspace       used 109791K, capacity 112281K, committed 112640K, reserved 1146880K
  class space    used 13838K, capacity 14740K, committed 14848K, reserved 1048576K
}
Event: 140.733 GC heap before
{Heap before GC invocations=68 (full 0):
 garbage-first heap   total 252928K, used 204570K [0x0000000080000000, 0x0000000100000000)
  region size 1024K, 18 young (18432K), 2 survivors (2048K)
 Metaspace       used 109792K, capacity 112281K, committed 112640K, reserved 1146880K
  class space    used 13838K, capacity 14740K, committed 14848K, reserved 1048576K
}
Event: 140.774 GC heap after
{Heap after GC invocations=69 (full 0):
 garbage-first heap   total 252928K, used 202224K [0x0000000080000000, 0x0000000100000000)
  region size 1024K, 3 young (3072K), 3 survivors (3072K)
 Metaspace       used 109792K, capacity 112281K, committed 112640K, reserved 1146880K
  class space    used 13838K, capacity 14740K, committed 14848K, reserved 1048576K
}
Event: 140.810 GC heap before
{Heap before GC invocations=69 (full 0):
 garbage-first heap   total 252928K, used 211440K [0x0000000080000000, 0x0000000100000000)
  region size 1024K, 12 young (12288K), 3 survivors (3072K)
 Metaspace       used 109792K, capacity 112281K, committed 112640K, reserved 1146880K
  class space    used 13838K, capacity 14740K, committed 14848K, reserved 1048576K
}
Event: 140.833 GC heap after
{Heap after GC invocations=70 (full 0):
 garbage-first heap   total 252928K, used 209919K [0x0000000080000000, 0x0000000100000000)
  region size 1024K, 2 young (2048K), 2 survivors (2048K)
 Metaspace       used 109792K, capacity 112281K, committed 112640K, reserved 1146880K
  class space    used 13838K, capacity 14740K, committed 14848K, reserved 1048576K
}
Event: 140.867 GC heap before
{Heap before GC invocations=70 (full 0):
 garbage-first heap   total 252928K, used 220159K [0x0000000080000000, 0x0000000100000000)
  region size 1024K, 12 young (12288K), 2 survivors (2048K)
 Metaspace       used 109792K, capacity 112281K, committed 112640K, reserved 1146880K
  class space    used 13838K, capacity 14740K, committed 14848K, reserved 1048576K
}
Event: 140.886 GC heap after
{Heap after GC invocations=71 (full 0):
 garbage-first heap   total 252928K, used 217721K [0x0000000080000000, 0x0000000100000000)
  region size 1024K, 2 young (2048K), 2 survivors (2048K)
 Metaspace       used 109792K, capacity 112281K, committed 112640K, reserved 1146880K
  class space    used 13838K, capacity 14740K, committed 14848K, reserved 1048576K
}
Event: 143.485 GC heap before
{Heap before GC invocations=71 (full 0):
 garbage-first heap   total 252928K, used 226937K [0x0000000080000000, 0x0000000100000000)
  region size 1024K, 12 young (12288K), 2 survivors (2048K)
 Metaspace       used 111516K, capacity 114085K, committed 114304K, reserved 1148928K
  class space    used 14049K, capacity 14958K, committed 14976K, reserved 1048576K
}
Event: 143.555 GC heap after
{Heap after GC invocations=72 (full 0):
 garbage-first heap   total 252928K, used 220270K [0x0000000080000000, 0x0000000100000000)
  region size 1024K, 2 young (2048K), 2 survivors (2048K)
 Metaspace       used 111516K, capacity 114085K, committed 114304K, reserved 1148928K
  class space    used 14049K, capacity 14958K, committed 14976K, reserved 1048576K
}

